Сборка начата 22.11.2017 21:44:49.
     1>Проект "D:\OpenCL_Samples\OpenCL_Samples\1_Empty_Kernel\1_Empty_Kernel.vcxproj" в узле 3 (целевые объекты Build).
     1>ClCompile:
         D:\Программы\VC\bin\CL.exe /c /I"C:\Program Files\NVIDIA GPU Computing Toolkit\CUDA\v9.0\include" /ZI /nologo /W3 /WX- /sdl /Od /Oy- /D _MBCS /Gm /EHsc /RTC1 /MDd /GS /fp:precise /Zc:wchar_t /Zc:forScope /Zc:inline /Fo"NVIDIA Debug\\" /Fd"NVIDIA Debug\vc140.pdb" /Gd /TP /analyze- /errorReport:prompt DeviceEx.cpp Main.cpp PlatformEx.cpp
         PlatformEx.cpp
     1>d:\opencl_samples\opencl_samples\1_empty_kernel\platformex.cpp(19): error C2872: size_t: неоднозначный символ
         d:\opencl_samples\opencl_samples\1_empty_kernel\predefined c++ types (compiler internal)(16): note: может быть "unsigned int size_t"
         d:\opencl_samples\opencl_samples\1_empty_kernel\predefined c++ types (compiler internal)(16): note: или       "size_t"
         c:\program files\nvidia gpu computing toolkit\cuda\v9.0\include\cl\cl.hpp(1094): note: или       "cl::size_t"
         Main.cpp
     1>d:\opencl_samples\opencl_samples\1_empty_kernel\main.cpp(77): error C2872: size_t: неоднозначный символ
         d:\opencl_samples\opencl_samples\1_empty_kernel\predefined c++ types (compiler internal)(16): note: может быть "unsigned int size_t"
         d:\opencl_samples\opencl_samples\1_empty_kernel\predefined c++ types (compiler internal)(16): note: или       "size_t"
         c:\program files\nvidia gpu computing toolkit\cuda\v9.0\include\cl\cl.hpp(1094): note: или       "cl::size_t"
         DeviceEx.cpp
     1>d:\opencl_samples\opencl_samples\1_empty_kernel\deviceex.cpp(15): error C2872: size_t: неоднозначный символ
         d:\opencl_samples\opencl_samples\1_empty_kernel\predefined c++ types (compiler internal)(16): note: может быть "unsigned int size_t"
         d:\opencl_samples\opencl_samples\1_empty_kernel\predefined c++ types (compiler internal)(16): note: или       "size_t"
         c:\program files\nvidia gpu computing toolkit\cuda\v9.0\include\cl\cl.hpp(1094): note: или       "cl::size_t"
         Создание кода...
     1>Сборка проекта "D:\OpenCL_Samples\OpenCL_Samples\1_Empty_Kernel\1_Empty_Kernel.vcxproj" завершена (целевые объекты Build) с ошибкой.

Ошибка сборки.

Затраченное время: 00:00:06.75
