Сборка начата 02.12.2017 8:54:12.
     1>Проект "D:\OpenCL_Samples\OpenCL_Samples\lab3_1\lab3_1.vcxproj" в узле 2 (целевые объекты Build).
     1>ClCompile:
         D:\Программы\VC\bin\CL.exe /c /IC:\Intel\OpenCL\sdk\\include /ZI /nologo /W3 /WX- /sdl /Od /Oy- /D WIN32 /D _DEBUG /D _CONSOLE /D _MBCS /D CL_USE_DEPRECATED_OPENCL_1_2_APIS /D CL_USE_DEPRECATED_OPENCL_2_0_APIS /D _UNICODE /D UNICODE /Gm /EHsc /RTC1 /MDd /GS /fp:precise /Zc:wchar_t /Zc:forScope /Zc:inline /Fo"Debug\\" /Fd"Debug\vc140.pdb" /Gd /TP /analyze- /errorReport:prompt DeviceEx.cpp KernelEx.cpp lab3_1.cpp PlatformEx.cpp
         PlatformEx.cpp
     1>d:\opencl_samples\opencl_samples\lab3_1\platformex.cpp(19): error C2872: size_t: неоднозначный символ
         d:\opencl_samples\opencl_samples\lab3_1\predefined c++ types (compiler internal)(16): note: может быть "unsigned int size_t"
         d:\opencl_samples\opencl_samples\lab3_1\predefined c++ types (compiler internal)(16): note: или       "size_t"
         c:\intel\opencl\sdk\include\cl\cl.hpp(1094): note: или       "cl::size_t"
         lab3_1.cpp
     1>d:\opencl_samples\opencl_samples\lab3_1\lab3_1.cpp(118): error C2872: size_t: неоднозначный символ
         d:\opencl_samples\opencl_samples\lab3_1\predefined c++ types (compiler internal)(16): note: может быть "unsigned int size_t"
         d:\opencl_samples\opencl_samples\lab3_1\predefined c++ types (compiler internal)(16): note: или       "size_t"
         c:\intel\opencl\sdk\include\cl\cl.hpp(1094): note: или       "cl::size_t"
         KernelEx.cpp
         DeviceEx.cpp
     1>d:\opencl_samples\opencl_samples\lab3_1\deviceex.cpp(40): error C2872: size_t: неоднозначный символ
         d:\opencl_samples\opencl_samples\lab3_1\predefined c++ types (compiler internal)(16): note: может быть "unsigned int size_t"
         d:\opencl_samples\opencl_samples\lab3_1\predefined c++ types (compiler internal)(16): note: или       "size_t"
         c:\intel\opencl\sdk\include\cl\cl.hpp(1094): note: или       "cl::size_t"
         Создание кода...
     1>Сборка проекта "D:\OpenCL_Samples\OpenCL_Samples\lab3_1\lab3_1.vcxproj" завершена (целевые объекты Build) с ошибкой.

Ошибка сборки.

Затраченное время: 00:00:06.24
